This is pdfTeX, Version 3.1415926-2.3-1.40.12 (MiKTeX 2.9) (preloaded format=pdflatex 2013.5.6)  4 MAY 2014 13:09
entering extended mode
**//fmri-guy2/Dropbox/University/Msc/Thesis/General/Matlab*Simulations/Flow*Ext
raction/Latest*Code/Run_Output/Report.tex

("//fmri-guy2/Dropbox/University/Msc/Thesis/General/Matlab Simulations/Flow Ext
raction/Latest Code/Run_Output/Report.tex"
LaTeX2e <2011/06/27>
Babel <v3.8m> and hyphenation patterns for english, afrikaans, ancientgreek, ar
abic, armenian, assamese, basque, bengali, bokmal, bulgarian, catalan, coptic, 
croatian, czech, danish, dutch, esperanto, estonian, farsi, finnish, french, ga
lician, german, german-x-2009-06-19, greek, gujarati, hindi, hungarian, iceland
ic, indonesian, interlingua, irish, italian, kannada, kurmanji, lao, latin, lat
vian, lithuanian, malayalam, marathi, mongolian, mongolianlmc, monogreek, ngerm
an, ngerman-x-2009-06-19, nynorsk, oriya, panjabi, pinyin, polish, portuguese, 
romanian, russian, sanskrit, serbian, slovak, slovenian, spanish, swedish, swis
sgerman, tamil, telugu, turkish, turkmen, ukenglish, ukrainian, uppersorbian, u
senglishmax, welsh, loaded.
("C:\Program Files (x86)\Portable Lyx 2\MiKTeX\texmf\tex\latex\base\article.cls
"
Document Class: article 2007/10/19 v1.4h Standard LaTeX document class
("C:\Program Files (x86)\Portable Lyx 2\MiKTeX\texmf\tex\latex\base\size10.clo"
File: size10.clo 2007/10/19 v1.4h Standard LaTeX file (size option)
)
\c@part=\count79
\c@section=\count80
\c@subsection=\count81
\c@subsubsection=\count82
\c@paragraph=\count83
\c@subparagraph=\count84
\c@figure=\count85
\c@table=\count86
\abovecaptionskip=\skip41
\belowcaptionskip=\skip42
\bibindent=\dimen102
) ("C:\Program Files (x86)\Portable Lyx 2\MiKTeX\texmf\tex\latex\lm\lmodern.sty
"
Package: lmodern 2009/10/30 v1.6 Latin Modern Fonts
LaTeX Font Info:    Overwriting symbol font `operators' in version `normal'
(Font)                  OT1/cmr/m/n --> OT1/lmr/m/n on input line 22.
LaTeX Font Info:    Overwriting symbol font `letters' in version `normal'
(Font)                  OML/cmm/m/it --> OML/lmm/m/it on input line 23.
LaTeX Font Info:    Overwriting symbol font `symbols' in version `normal'
(Font)                  OMS/cmsy/m/n --> OMS/lmsy/m/n on input line 24.
LaTeX Font Info:    Overwriting symbol font `largesymbols' in version `normal'
(Font)                  OMX/cmex/m/n --> OMX/lmex/m/n on input line 25.
LaTeX Font Info:    Overwriting symbol font `operators' in version `bold'
(Font)                  OT1/cmr/bx/n --> OT1/lmr/bx/n on input line 26.
LaTeX Font Info:    Overwriting symbol font `letters' in version `bold'
(Font)                  OML/cmm/b/it --> OML/lmm/b/it on input line 27.
LaTeX Font Info:    Overwriting symbol font `symbols' in version `bold'
(Font)                  OMS/cmsy/b/n --> OMS/lmsy/b/n on input line 28.
LaTeX Font Info:    Overwriting symbol font `largesymbols' in version `bold'
(Font)                  OMX/cmex/m/n --> OMX/lmex/m/n on input line 29.
LaTeX Font Info:    Overwriting math alphabet `\mathbf' in version `normal'
(Font)                  OT1/cmr/bx/n --> OT1/lmr/bx/n on input line 31.
LaTeX Font Info:    Overwriting math alphabet `\mathsf' in version `normal'
(Font)                  OT1/cmss/m/n --> OT1/lmss/m/n on input line 32.
LaTeX Font Info:    Overwriting math alphabet `\mathit' in version `normal'
(Font)                  OT1/cmr/m/it --> OT1/lmr/m/it on input line 33.
LaTeX Font Info:    Overwriting math alphabet `\mathtt' in version `normal'
(Font)                  OT1/cmtt/m/n --> OT1/lmtt/m/n on input line 34.
LaTeX Font Info:    Overwriting math alphabet `\mathbf' in version `bold'
(Font)                  OT1/cmr/bx/n --> OT1/lmr/bx/n on input line 35.
LaTeX Font Info:    Overwriting math alphabet `\mathsf' in version `bold'
(Font)                  OT1/cmss/bx/n --> OT1/lmss/bx/n on input line 36.
LaTeX Font Info:    Overwriting math alphabet `\mathit' in version `bold'
(Font)                  OT1/cmr/bx/it --> OT1/lmr/bx/it on input line 37.
LaTeX Font Info:    Overwriting math alphabet `\mathtt' in version `bold'
(Font)                  OT1/cmtt/m/n --> OT1/lmtt/m/n on input line 38.
)
("C:\Program Files (x86)\Portable Lyx 2\MiKTeX\texmf\tex\latex\base\fontenc.sty
"
Package: fontenc 2005/09/27 v1.99g Standard LaTeX package
 ("C:\Program Files (x86)\Portable Lyx 2\MiKTeX\texmf\tex\latex\base\t1enc.def"
File: t1enc.def 2005/09/27 v1.99g Standard LaTeX file
LaTeX Font Info:    Redeclaring font encoding T1 on input line 43.
))
("C:\Program Files (x86)\Portable Lyx 2\MiKTeX\texmf\tex\latex\base\inputenc.st
y"
Package: inputenc 2008/03/30 v1.1d Input encoding file
\inpenc@prehook=\toks14
\inpenc@posthook=\toks15

("C:\Program Files (x86)\Portable Lyx 2\MiKTeX\texmf\tex\latex\base\latin9.def"
File: latin9.def 2008/03/30 v1.1d Input encoding file
))
("C:\Program Files (x86)\Portable Lyx 2\MiKTeX\texmf\tex\latex\graphics\graphic
x.sty"
Package: graphicx 1999/02/16 v1.0f Enhanced LaTeX Graphics (DPC,SPQR)

("C:\Program Files (x86)\Portable Lyx 2\MiKTeX\texmf\tex\latex\graphics\keyval.
sty"
Package: keyval 1999/03/16 v1.13 key=value parser (DPC)
\KV@toks@=\toks16
)
("C:\Program Files (x86)\Portable Lyx 2\MiKTeX\texmf\tex\latex\graphics\graphic
s.sty"
Package: graphics 2009/02/05 v1.0o Standard LaTeX Graphics (DPC,SPQR)

("C:\Program Files (x86)\Portable Lyx 2\MiKTeX\texmf\tex\latex\graphics\trig.st
y"
Package: trig 1999/03/16 v1.09 sin cos tan (DPC)
)
("C:\Program Files (x86)\Portable Lyx 2\MiKTeX\texmf\tex\latex\00miktex\graphic
s.cfg"
File: graphics.cfg 2007/01/18 v1.5 graphics configuration of teTeX/TeXLive
)
Package graphics Info: Driver file: pdftex.def on input line 91.

("C:\Program Files (x86)\Portable Lyx 2\MiKTeX\texmf\tex\latex\pdftex-def\pdfte
x.def"
File: pdftex.def 2011/05/27 v0.06d Graphics/color for pdfTeX

("C:\Program Files (x86)\Portable Lyx 2\MiKTeX\texmf\tex\generic\oberdiek\infwa
rerr.sty"
Package: infwarerr 2010/04/08 v1.3 Providing info/warning/message (HO)
)
("C:\Program Files (x86)\Portable Lyx 2\MiKTeX\texmf\tex\generic\oberdiek\ltxcm
ds.sty"
Package: ltxcmds 2011/04/18 v1.20 LaTeX kernel commands for general use (HO)
)
\Gread@gobject=\count87
))
\Gin@req@height=\dimen103
\Gin@req@width=\dimen104
)
("C:\Program Files (x86)\Portable Lyx 2\MiKTeX\texmf\tex\generic\babel\babel.st
y"
Package: babel 2008/07/08 v3.8m The Babel package

*************************************
* Local config file bblopts.cfg used
*

("C:\Program Files (x86)\Portable Lyx 2\MiKTeX\texmf\tex\latex\00miktex\bblopts
.cfg"
File: bblopts.cfg 2006/07/31 v1.0 MiKTeX 'babel' configuration
)
("C:\Program Files (x86)\Portable Lyx 2\MiKTeX\texmf\tex\generic\babel\english.
ldf"
Language: english 2005/03/30 v3.3o English support from the babel system

("C:\Program Files (x86)\Portable Lyx 2\MiKTeX\texmf\tex\generic\babel\babel.de
f"
File: babel.def 2008/07/08 v3.8m Babel common definitions
\babel@savecnt=\count88
\U@D=\dimen105
)
\l@canadian = a dialect from \language\l@american 
\l@australian = a dialect from \language\l@british 
\l@newzealand = a dialect from \language\l@british 
))
("C:\Program Files (x86)\Portable Lyx 2\MiKTeX\texmf\tex\latex\graphics\color.s
ty"
Package: color 2005/11/14 v1.0j Standard LaTeX Color (DPC)

("C:\Program Files (x86)\Portable Lyx 2\MiKTeX\texmf\tex\latex\00miktex\color.c
fg"
File: color.cfg 2007/01/18 v1.5 color configuration of teTeX/TeXLive
)
Package color Info: Driver file: pdftex.def on input line 130.
)
("\\fmri-guy2\Dropbox\University\Msc\Thesis\General\Matlab Simulations\Flow Ext
raction\Latest Code\Run_Output\Report.aux")
LaTeX Font Info:    Checking defaults for OML/cmm/m/it on input line 11.
LaTeX Font Info:    ... okay on input line 11.
LaTeX Font Info:    Checking defaults for T1/cmr/m/n on input line 11.
LaTeX Font Info:    ... okay on input line 11.
LaTeX Font Info:    Checking defaults for OT1/cmr/m/n on input line 11.
LaTeX Font Info:    ... okay on input line 11.
LaTeX Font Info:    Checking defaults for OMS/cmsy/m/n on input line 11.
LaTeX Font Info:    ... okay on input line 11.
LaTeX Font Info:    Checking defaults for OMX/cmex/m/n on input line 11.
LaTeX Font Info:    ... okay on input line 11.
LaTeX Font Info:    Checking defaults for U/cmr/m/n on input line 11.
LaTeX Font Info:    ... okay on input line 11.
LaTeX Font Info:    Try loading font information for T1+lmr on input line 11.

("C:\Program Files (x86)\Portable Lyx 2\MiKTeX\texmf\tex\latex\lm\t1lmr.fd"
File: t1lmr.fd 2009/10/30 v1.6 Font defs for Latin Modern
)
("C:\Program Files (x86)\Portable Lyx 2\MiKTeX\texmf\tex\context\base\supp-pdf.
mkii"
[Loading MPS to PDF converter (version 2006.09.02).]
\scratchcounter=\count89
\scratchdimen=\dimen106
\scratchbox=\box26
\nofMPsegments=\count90
\nofMParguments=\count91
\everyMPshowfont=\toks17
\MPscratchCnt=\count92
\MPscratchDim=\dimen107
\MPnumerator=\count93
\makeMPintoPDFobject=\count94
\everyMPtoPDFconversion=\toks18
)
LaTeX Font Info:    Try loading font information for OT1+lmr on input line 14.
 ("C:\Program Files (x86)\Portable Lyx 2\MiKTeX\texmf\tex\latex\lm\ot1lmr.fd"
File: ot1lmr.fd 2009/10/30 v1.6 Font defs for Latin Modern
)
LaTeX Font Info:    Try loading font information for OML+lmm on input line 14.
("C:\Program Files (x86)\Portable Lyx 2\MiKTeX\texmf\tex\latex\lm\omllmm.fd"
File: omllmm.fd 2009/10/30 v1.6 Font defs for Latin Modern
)
LaTeX Font Info:    Try loading font information for OMS+lmsy on input line 14.


("C:\Program Files (x86)\Portable Lyx 2\MiKTeX\texmf\tex\latex\lm\omslmsy.fd"
File: omslmsy.fd 2009/10/30 v1.6 Font defs for Latin Modern
)
LaTeX Font Info:    Try loading font information for OMX+lmex on input line 14.


("C:\Program Files (x86)\Portable Lyx 2\MiKTeX\texmf\tex\latex\lm\omxlmex.fd"
File: omxlmex.fd 2009/10/30 v1.6 Font defs for Latin Modern
)
LaTeX Font Info:    External font `lmex10' loaded for size
(Font)              <17.28> on input line 14.
LaTeX Font Info:    External font `lmex10' loaded for size
(Font)              <12> on input line 14.
LaTeX Font Info:    External font `lmex10' loaded for size
(Font)              <10> on input line 14.
LaTeX Font Info:    External font `lmex10' loaded for size
(Font)              <8> on input line 14.
LaTeX Font Info:    External font `lmex10' loaded for size
(Font)              <6> on input line 14.


LaTeX Warning: No \author given.


Overfull \hbox (2.92223pt too wide) in paragraph at lines 17--17
[]$[]$ 
 []

<Est_Error_Analysis_Larsson_F.png, id=1, 578.6418pt x 434.1018pt>
File: Est_Error_Analysis_Larsson_F.png Graphic file (type png)

<use Est_Error_Analysis_Larsson_F.png>
Package pdftex.def Info: Est_Error_Analysis_Larsson_F.png used on input line 24
.
(pdftex.def)             Requested size: 405.0465pt x 303.8692pt.

Overfull \hbox (75.0465pt too wide) in paragraph at lines 24--25
[][] 
 []

[1

{C:/Program Files (x86)/Portable Lyx 2/MiKTeX/texmf-local/fonts/map/pdftex/pdft
ex.map{UGBK.sfd}{Unicode.sfd}} <//fmri-guy2/Dropbox/University/Msc/Thesis/Gener
al/Matlab Simulations/Flow Extraction/Latest Code/Run_Output/Est_Error_Analysis
_Larsson_F.png (PNG copy)>]
("\\fmri-guy2\Dropbox\University\Msc\Thesis\General\Matlab Simulations\Flow Ext
raction\Latest Code\Run_Output\Report.aux") ) 
Here is how much of TeX's memory you used:
 1848 strings out of 494045
 26280 string characters out of 3139074
 72266 words of memory out of 3000000
 5125 multiletter control sequences out of 15000+200000
 34659 words of font info for 35 fonts, out of 3000000 for 9000
 715 hyphenation exceptions out of 8191
 27i,6n,22p,339b,193s stack positions out of 5000i,500n,10000p,200000b,50000s
{C:/Program Files (x86)/Portable L
yx 2/MiKTeX/texmf/fonts/enc/dvips/lm/lm-ec.enc}<C:/Program Files (x86)/Portable
 Lyx 2/MiKTeX/texmf/fonts/type1/public/lm/lmbx12.pfb><C:/Program Files (x86)/Po
rtable Lyx 2/MiKTeX/texmf/fonts/type1/public/lm/lmr10.pfb><C:/Program Files (x8
6)/Portable Lyx 2/MiKTeX/texmf/fonts/type1/public/lm/lmr12.pfb><C:/Program File
s (x86)/Portable Lyx 2/MiKTeX/texmf/fonts/type1/public/lm/lmr17.pfb>
Output written on "//fmri-guy2/Dropbox/University/Msc/Thesis/General/Matlab Sim
ulations/Flow Extraction/Latest Code/Run_Output/Report.pdf" (1 page, 111331 byt
es).
PDF statistics:
 24 PDF objects out of 1000 (max. 8388607)
 0 named destinations out of 1000 (max. 500000)
 6 words of extra memory for PDF output out of 10000 (max. 10000000)

